Flow report for Lab3
Thu Feb 01 16:27:12 2018
Quartus Prime Version 17.1.0 Build 590 10/25/2017 SJ Lite Edition


---------------------
; Table of Contents ;
---------------------
  1. Legal Notice
  2. Flow Summary
  3. Flow Settings
  4. Flow Non-Default Global Settings
  5. Flow Elapsed Time
  6. Flow OS Summary
  7. Flow Log
  8. Flow Messages
  9. Flow Suppressed Messages



----------------
; Legal Notice ;
----------------
Copyright (C) 2017  Intel Corporation. All rights reserved.
Your use of Intel Corporation's design tools, logic functions 
and other software and tools, and its AMPP partner logic 
functions, and any output files from any of the foregoing 
(including device programming or simulation files), and any 
associated documentation or information are expressly subject 
to the terms and conditions of the Intel Program License 
Subscription Agreement, the Intel Quartus Prime License Agreement,
the Intel FPGA IP License Agreement, or other applicable license
agreement, including, without limitation, that your use is for
the sole purpose of programming logic devices manufactured by
Intel and sold by Intel or its authorized distributors.  Please
refer to the applicable agreement for further details.



+----------------------------------------------------------------------------------+
; Flow Summary                                                                     ;
+------------------------------------+---------------------------------------------+
; Flow Status                        ; Successful - Thu Feb 01 16:27:12 2018       ;
; Quartus Prime Version              ; 17.1.0 Build 590 10/25/2017 SJ Lite Edition ;
; Revision Name                      ; Lab3                                        ;
; Top-level Entity Name              ; 2_bit_comparator                            ;
; Family                             ; Cyclone IV E                                ;
; Device                             ; EP4CE115F29C7                               ;
; Timing Models                      ; Final                                       ;
; Total logic elements               ; 4 / 114,480 ( < 1 % )                       ;
;     Total combinational functions  ; 4 / 114,480 ( < 1 % )                       ;
;     Dedicated logic registers      ; 0 / 114,480 ( 0 % )                         ;
; Total registers                    ; 0                                           ;
; Total pins                         ; 8 / 529 ( 2 % )                             ;
; Total virtual pins                 ; 0                                           ;
; Total memory bits                  ; 0 / 3,981,312 ( 0 % )                       ;
; Embedded Multiplier 9-bit elements ; 0 / 532 ( 0 % )                             ;
; Total PLLs                         ; 0 / 4 ( 0 % )                               ;
+------------------------------------+---------------------------------------------+


+-----------------------------------------+
; Flow Settings                           ;
+-------------------+---------------------+
; Option            ; Setting             ;
+-------------------+---------------------+
; Start date & time ; 02/01/2018 16:24:27 ;
; Main task         ; Compilation         ;
; Revision Name     ; Lab3                ;
+-------------------+---------------------+


+------------------------------------------------------------------------------------------------------------------------------------+
; Flow Non-Default Global Settings                                                                                                   ;
+--------------------------------------+----------------------------------------+---------------+------------------+-----------------+
; Assignment Name                      ; Value                                  ; Default Value ; Entity Name      ; Section Id      ;
+--------------------------------------+----------------------------------------+---------------+------------------+-----------------+
; COMPILER_SIGNATURE_ID                ; 345050792287.151752026506196           ; --            ; --               ; --              ;
; EDA_DESIGN_INSTANCE_NAME             ; NA                                     ; --            ; --               ; 2_bit_testbench ;
; EDA_NATIVELINK_SIMULATION_TEST_BENCH ; 2_bit_testbench                        ; --            ; --               ; eda_simulation  ;
; EDA_OUTPUT_DATA_FORMAT               ; Verilog Hdl                            ; --            ; --               ; eda_simulation  ;
; EDA_SIMULATION_TOOL                  ; ModelSim-Altera (Verilog)              ; <None>        ; --               ; --              ;
; EDA_TEST_BENCH_ENABLE_STATUS         ; TEST_BENCH_MODE                        ; --            ; --               ; eda_simulation  ;
; EDA_TEST_BENCH_FILE                  ; 2_bit_testbench.v                      ; --            ; --               ; 2_bit_testbench ;
; EDA_TEST_BENCH_MODULE_NAME           ; 2_bit_testbench                        ; --            ; --               ; 2_bit_testbench ;
; EDA_TEST_BENCH_NAME                  ; 2_bit_testbench                        ; --            ; --               ; eda_simulation  ;
; EDA_TIME_SCALE                       ; 1 ps                                   ; --            ; --               ; eda_simulation  ;
; MAX_CORE_JUNCTION_TEMP               ; 85                                     ; --            ; --               ; --              ;
; MIN_CORE_JUNCTION_TEMP               ; 0                                      ; --            ; --               ; --              ;
; NOMINAL_CORE_SUPPLY_VOLTAGE          ; 1.2V                                   ; --            ; --               ; --              ;
; PARTITION_COLOR                      ; -- (Not supported for targeted family) ; --            ; 2_bit_comparator ; Top             ;
; PARTITION_FITTER_PRESERVATION_LEVEL  ; -- (Not supported for targeted family) ; --            ; 2_bit_comparator ; Top             ;
; PARTITION_NETLIST_TYPE               ; -- (Not supported for targeted family) ; --            ; 2_bit_comparator ; Top             ;
; POWER_BOARD_THERMAL_MODEL            ; None (CONSERVATIVE)                    ; --            ; --               ; --              ;
; POWER_PRESET_COOLING_SOLUTION        ; 23 MM HEAT SINK WITH 200 LFPM AIRFLOW  ; --            ; --               ; --              ;
; PROJECT_OUTPUT_DIRECTORY             ; output_files                           ; --            ; --               ; --              ;
; TOP_LEVEL_ENTITY                     ; 2_bit_comparator                       ; Lab3          ; --               ; --              ;
+--------------------------------------+----------------------------------------+---------------+------------------+-----------------+


+-------------------------------------------------------------------------------------------------------------------------------+
; Flow Elapsed Time                                                                                                             ;
+---------------------------+--------------+-------------------------+---------------------+------------------------------------+
; Module Name               ; Elapsed Time ; Average Processors Used ; Peak Virtual Memory ; Total CPU Time (on all processors) ;
+---------------------------+--------------+-------------------------+---------------------+------------------------------------+
; Analysis & Synthesis      ; 00:00:40     ; 1.0                     ; 612 MB              ; 00:00:33                           ;
; Fitter                    ; 00:00:28     ; 1.0                     ; 1215 MB             ; 00:00:21                           ;
; Assembler                 ; 00:00:07     ; 1.0                     ; 556 MB              ; 00:00:06                           ;
; TimeQuest Timing Analyzer ; 00:00:06     ; 1.0                     ; 677 MB              ; 00:00:05                           ;
; EDA Netlist Writer        ; 00:00:04     ; 1.0                     ; 520 MB              ; 00:00:03                           ;
; EDA Netlist Writer        ; 00:00:02     ; 1.0                     ; 505 MB              ; 00:00:02                           ;
; EDA Netlist Writer        ; 00:00:03     ; 1.0                     ; 517 MB              ; 00:00:03                           ;
; EDA Netlist Writer        ; 00:00:03     ; 1.0                     ; 505 MB              ; 00:00:02                           ;
; EDA Netlist Writer        ; 00:00:02     ; 1.0                     ; 517 MB              ; 00:00:03                           ;
; Total                     ; 00:01:35     ; --                      ; --                  ; 00:01:18                           ;
+---------------------------+--------------+-------------------------+---------------------+------------------------------------+


+-----------------------------------------------------------------------------------------+
; Flow OS Summary                                                                         ;
+---------------------------+------------------+------------+------------+----------------+
; Module Name               ; Machine Hostname ; OS Name    ; OS Version ; Processor type ;
+---------------------------+------------------+------------+------------+----------------+
; Analysis & Synthesis      ; rapid-98034d96   ; Windows 10 ; 10.0       ; x86_64         ;
; Fitter                    ; rapid-98034d96   ; Windows 10 ; 10.0       ; x86_64         ;
; Assembler                 ; rapid-98034d96   ; Windows 10 ; 10.0       ; x86_64         ;
; TimeQuest Timing Analyzer ; rapid-98034d96   ; Windows 10 ; 10.0       ; x86_64         ;
; EDA Netlist Writer        ; rapid-98034d96   ; Windows 10 ; 10.0       ; x86_64         ;
; EDA Netlist Writer        ; rapid-98034d96   ; Windows 10 ; 10.0       ; x86_64         ;
; EDA Netlist Writer        ; rapid-98034d96   ; Windows 10 ; 10.0       ; x86_64         ;
; EDA Netlist Writer        ; rapid-98034d96   ; Windows 10 ; 10.0       ; x86_64         ;
; EDA Netlist Writer        ; rapid-98034d96   ; Windows 10 ; 10.0       ; x86_64         ;
+---------------------------+------------------+------------+------------+----------------+


------------
; Flow Log ;
------------
quartus_map --read_settings_files=on --write_settings_files=off Lab3 -c Lab3
quartus_fit --read_settings_files=off --write_settings_files=off Lab3 -c Lab3
quartus_asm --read_settings_files=off --write_settings_files=off Lab3 -c Lab3
quartus_sta Lab3 -c Lab3
quartus_eda --read_settings_files=off --write_settings_files=off Lab3 -c Lab3
quartus_eda --gen_testbench --tool=modelsim_oem --format=verilog --write_settings_files=off Lab3 -c Lab3 --vector_source=C:/Users/vcm/Desktop/ECE350/Lab3/Waveform.vwf --testbench_file=C:/Users/vcm/Desktop/ECE350/Lab3/simulation/qsim/Waveform.vwf.vt
quartus_eda --write_settings_files=off --simulation=on --functional=on --flatten_buses=off --tool=modelsim_oem --format=verilog --output_directory=C:/Users/vcm/Desktop/ECE350/Lab3/simulation/qsim/ Lab3 -c Lab3
quartus_eda --gen_testbench --tool=modelsim_oem --format=verilog --write_settings_files=off Lab3 -c Lab3 --vector_source=C:/Users/vcm/Desktop/ECE350/Lab3/Waveform.vwf --testbench_file=C:/Users/vcm/Desktop/ECE350/Lab3/simulation/qsim/Waveform.vwf.vt
quartus_eda --write_settings_files=off --simulation=on --functional=on --flatten_buses=off --tool=modelsim_oem --format=verilog --output_directory=C:/Users/vcm/Desktop/ECE350/Lab3/simulation/qsim/ Lab3 -c Lab3



